<?xml version="1.0" encoding="UTF-8"?>
<TestRun id="c61d0f04-4e63-4896-8dc1-4213c32315d7" name="Administrator@DXK 2012-01-07 11:18:35" runUser="DXK\Administrator" xmlns="http://microsoft.com/schemas/VisualStudio/TeamTest/2010">
  <TestSettings name="本地" id="2c7d24a8-903b-415b-9df8-e0669dc0ae0e">
    <Description>这些设置为本地测试运行的默认测试设置。</Description>
    <Deployment enabled="false" runDeploymentRoot="Administrator_DXK 2012-01-07 11_18_35" />
    <Execution>
      <TestTypeSpecific />
      <AgentRule name="Execution Agents">
      </AgentRule>
    </Execution>
  </TestSettings>
  <Times creation="2012-01-07T11:18:35.3593750+08:00" queuing="2012-01-07T11:18:38.1093750+08:00" start="2012-01-07T11:18:38.2343750+08:00" finish="2012-01-07T11:18:39.3593750+08:00" />
  <ResultSummary outcome="Failed">
    <Counters total="1" executed="1" error="0" failed="1" timeout="0" aborted="0" inconclusive="0" passedButRunAborted="0" notRunnable="0" notExecuted="0" disconnected="0" warning="0" passed="0" completed="0" inProgress="0" pending="0" />
  </ResultSummary>
  <TestDefinitions>
    <UnitTest name="TestMethod1" storage="d:\projects\shinybirthday\test\bin\debug\test.dll" id="02bd63ea-c986-6226-d5cc-5ef0d874b5d1">
      <Execution id="e6134dee-861f-4dd9-9bc8-24922e9cbdd9" />
      <TestMethod codeBase="D:/Projects/ShinyBirthday/Test/bin/Debug/Test.DLL" adapterTypeName="Microsoft.VisualStudio.TestTools.TestTypes.Unit.UnitTestAdapter, Microsoft.VisualStudio.QualityTools.Tips.UnitTest.Adapter, Version=10.0.0.0, Culture=neutral, PublicKeyToken=b03f5f7f11d50a3a" className="Test.UnitTest1, Test, Version=1.0.0.0, Culture=neutral, PublicKeyToken=null" name="TestMethod1" />
    </UnitTest>
  </TestDefinitions>
  <TestLists>
    <TestList name="列表中未列出的结果" id="8c84fa94-04c1-424b-9868-57a2d4851a1d" />
    <TestList name="所有已加载的结果" id="19431567-8539-422a-85d7-44ee4e166bda" />
  </TestLists>
  <TestEntries>
    <TestEntry testId="02bd63ea-c986-6226-d5cc-5ef0d874b5d1" executionId="e6134dee-861f-4dd9-9bc8-24922e9cbdd9" testListId="8c84fa94-04c1-424b-9868-57a2d4851a1d" />
  </TestEntries>
  <Results>
    <UnitTestResult executionId="e6134dee-861f-4dd9-9bc8-24922e9cbdd9" testId="02bd63ea-c986-6226-d5cc-5ef0d874b5d1" testName="TestMethod1" computerName="DXK" duration="00:00:00.1498575" startTime="2012-01-07T11:18:38.2500000+08:00" endTime="2012-01-07T11:18:39.3125000+08:00" testType="13cdc9d9-ddb5-4fa4-a97d-d965ccfc6d4b" outcome="Failed" testListId="8c84fa94-04c1-424b-9868-57a2d4851a1d" relativeResultsDirectory="e6134dee-861f-4dd9-9bc8-24922e9cbdd9">
      <Output>
        <ErrorInfo>
          <Message>测试方法 Test.UnitTest1.TestMethod1 引发了异常: 
System.IndexOutOfRangeException: 索引超出了数组界限。</Message>
          <StackTrace>    在 Test.UnitTest1.TestMethod1() 位置 D:\Projects\ShinyBirthday\Test\UnitTest1.cs:行号 83
</StackTrace>
        </ErrorInfo>
      </Output>
    </UnitTestResult>
  </Results>
</TestRun>